(base) nelsonlamounier@Nelsons-MacBook-Pro cdk-monitoring % aws logs tail "/ssm/k8s/development/bootstrap" \
  --since 2h --region eu-west-1 --profile dev-account --format short
2026-03-02T12:24:06 Step script not found locally, syncing from S3...
2026-03-02T12:24:07 === Executing: validateGoldenAMI ===
{"timestamp": "2026-03-02T12:24:07.003167+00:00", "level": "INFO", "message": "=== Starting step: validate-ami ==="}
{"timestamp": "2026-03-02T12:24:07.003254+00:00", "level": "INFO", "message": "Checking required binaries..."}
{"timestamp": "2026-03-02T12:24:07.003907+00:00", "level": "INFO", "message": "  \u2713 containerd -> /usr/local/bin/containerd"}
{"timestamp": "2026-03-02T12:24:07.003949+00:00", "level": "INFO", "message": "  \u2713 kubeadm -> /usr/bin/kubeadm"}
{"timestamp": "2026-03-02T12:24:07.003992+00:00", "level": "INFO", "message": "  \u2713 kubelet -> /usr/bin/kubelet"}
{"timestamp": "2026-03-02T12:24:07.004009+00:00", "level": "INFO", "message": "  \u2713 kubectl -> /usr/bin/kubectl"}
{"timestamp": "2026-03-02T12:24:07.004026+00:00", "level": "INFO", "message": "  \u2713 helm -> /usr/local/bin/helm"}
{"timestamp": "2026-03-02T12:24:07.004063+00:00", "level": "INFO", "message": "Checking kernel modules..."}
{"timestamp": "2026-03-02T12:24:07.004678+00:00", "level": "INFO", "message": "  \u2713 Kernel module: overlay"}
{"timestamp": "2026-03-02T12:24:07.004732+00:00", "level": "INFO", "message": "  \u2713 Kernel module: br_netfilter"}
{"timestamp": "2026-03-02T12:24:07.004754+00:00", "level": "INFO", "message": "Checking sysctl settings..."}
{"timestamp": "2026-03-02T12:24:07.004983+00:00", "level": "INFO", "message": "  \u2713 sysctl net.bridge.bridge-nf-call-iptables = 1"}
{"timestamp": "2026-03-02T12:24:07.005133+00:00", "level": "INFO", "message": "  \u2713 sysctl net.bridge.bridge-nf-call-ip6tables = 1"}
{"timestamp": "2026-03-02T12:24:07.005269+00:00", "level": "INFO", "message": "  \u2713 sysctl net.ipv4.ip_forward = 1"}
{"timestamp": "2026-03-02T12:24:07.005297+00:00", "level": "INFO", "message": "\u2713 Golden AMI validated \u2014 all required binaries and settings present"}
{"timestamp": "2026-03-02T12:24:07.005366+00:00", "level": "INFO", "message": "Step 'validate-ami' completed in 0.0s"}
=== Completed: validateGoldenAMI ===
2026-03-02T12:24:12 Step script not found locally, syncing from S3...
2026-03-02T12:24:13 === Executing: initKubeadm ===
{"timestamp": "2026-03-02T12:24:12.230747+00:00", "level": "INFO", "message": "=== Starting step: init-kubeadm ==="}
{"timestamp": "2026-03-02T12:24:12.230828+00:00", "level": "INFO", "message": "Initializing kubeadm cluster (v1.35.1)"}
{"timestamp": "2026-03-02T12:24:12.230925+00:00", "level": "INFO", "message": "Running: systemctl start containerd"}
{"timestamp": "2026-03-02T12:24:12.240791+00:00", "level": "INFO", "message": "Command succeeded", "command": "systemctl start containerd", "duration": 0.01}
{"timestamp": "2026-03-02T12:24:12.240901+00:00", "level": "INFO", "message": "containerd started"}
{"timestamp": "2026-03-02T12:24:12.241067+00:00", "level": "INFO", "message": "Installing ECR credential provider v1.31.0..."}
{"timestamp": "2026-03-02T12:24:12.241102+00:00", "level": "INFO", "message": "Running: uname -m"}
{"timestamp": "2026-03-02T12:24:12.243955+00:00", "level": "INFO", "message": "Command succeeded", "command": "uname -m", "duration": 0.0}
{"timestamp": "2026-03-02T12:24:12.244075+00:00", "level": "INFO", "message": "Downloading ecr-credential-provider v1.31.0 (amd64)..."}
{"timestamp": "2026-03-02T12:24:12.244099+00:00", "level": "INFO", "message": "  URL: https://storage.googleapis.com/k8s-artifacts-prod/binaries/cloud-provider-aws/v1.31.0/linux/amd64/ecr-credential-provider-linux-amd64"}
{"timestamp": "2026-03-02T12:24:12.244133+00:00", "level": "INFO", "message": "Running: curl -fsSL -o /usr/local/bin/ecr-credential-provider https://storage.googleapis.com/k8s-artifacts-prod/binaries/cloud-provider-aws/v1.31.0/linux/amd64/ecr-credential-provider-linux-amd64"}
2026-03-02T12:24:13 === Executing: validateGoldenAMI ===
{"timestamp": "2026-03-02T12:24:12.783938+00:00", "level": "INFO", "message": "=== Starting step: validate-ami ==="}
{"timestamp": "2026-03-02T12:24:12.784018+00:00", "level": "INFO", "message": "Checking required binaries..."}
{"timestamp": "2026-03-02T12:24:12.784485+00:00", "level": "INFO", "message": "  \u2713 containerd -> /usr/local/bin/containerd"}
{"timestamp": "2026-03-02T12:24:12.784520+00:00", "level": "INFO", "message": "  \u2713 kubeadm -> /usr/bin/kubeadm"}
{"timestamp": "2026-03-02T12:24:12.784541+00:00", "level": "INFO", "message": "  \u2713 kubelet -> /usr/bin/kubelet"}
{"timestamp": "2026-03-02T12:24:12.784558+00:00", "level": "INFO", "message": "  \u2713 kubectl -> /usr/bin/kubectl"}
{"timestamp": "2026-03-02T12:24:12.784575+00:00", "level": "INFO", "message": "  \u2713 helm -> /usr/local/bin/helm"}
{"timestamp": "2026-03-02T12:24:12.784593+00:00", "level": "INFO", "message": "Checking kernel modules..."}
{"timestamp": "2026-03-02T12:24:12.785125+00:00", "level": "INFO", "message": "  \u2713 Kernel module: overlay"}
{"timestamp": "2026-03-02T12:24:12.785164+00:00", "level": "INFO", "message": "  \u2713 Kernel module: br_netfilter"}
{"timestamp": "2026-03-02T12:24:12.785183+00:00", "level": "INFO", "message": "Checking sysctl settings..."}
{"timestamp": "2026-03-02T12:24:12.785358+00:00", "level": "INFO", "message": "  \u2713 sysctl net.bridge.bridge-nf-call-iptables = 1"}
{"timestamp": "2026-03-02T12:24:12.785450+00:00", "level": "INFO", "message": "  \u2713 sysctl net.bridge.bridge-nf-call-ip6tables = 1"}
{"timestamp": "2026-03-02T12:24:12.785529+00:00", "level": "INFO", "message": "  \u2713 sysctl net.ipv4.ip_forward = 1"}
{"timestamp": "2026-03-02T12:24:12.785550+00:00", "level": "INFO", "message": "\u2713 Golden AMI validated \u2014 all required binaries and settings present"}
{"timestamp": "2026-03-02T12:24:12.785591+00:00", "level": "INFO", "message": "Step 'validate-ami' completed in 0.0s"}
=== Completed: validateGoldenAMI ===
2026-03-02T12:24:14 {"timestamp": "2026-03-02T12:24:13.705626+00:00", "level": "INFO", "message": "Command succeeded", "command": "curl -fsSL -o /usr/local/bin/ecr-credential-provider https://storage.googleapis.com/k8s-artifacts-prod/binaries/cloud-provider-aws/v1.31.0/linux/amd64/ecr-credential-provider-linux-amd64", "duration": 1.46}
{"timestamp": "2026-03-02T12:24:13.705897+00:00", "level": "INFO", "message": "Running: chmod +x /usr/local/bin/ecr-credential-provider"}
{"timestamp": "2026-03-02T12:24:13.708837+00:00", "level": "INFO", "message": "Command succeeded", "command": "chmod +x /usr/local/bin/ecr-credential-provider", "duration": 0.0}
{"timestamp": "2026-03-02T12:24:13.708948+00:00", "level": "INFO", "message": "ECR credential provider installed: /usr/local/bin/ecr-credential-provider"}
{"timestamp": "2026-03-02T12:24:13.708980+00:00", "level": "INFO", "message": "ECR credential provider v1.31.0 installed successfully"}
{"timestamp": "2026-03-02T12:24:13.710152+00:00", "level": "INFO", "message": "ECR credential provider config already exists at /etc/kubernetes/image-credential-provider-config.yaml"}
{"timestamp": "2026-03-02T12:24:13.710798+00:00", "level": "INFO", "message": "Kubelet ECR credential provider args configured"}
{"timestamp": "2026-03-02T12:24:13.710867+00:00", "level": "INFO", "message": "Running: curl -sX PUT http://169.254.169.254/latest/api/token -H X-aws-ec2-metadata-token-ttl-seconds: 21600"}
{"timestamp": "2026-03-02T12:24:13.718311+00:00", "level": "INFO", "message": "Command succeeded", "command": "curl -sX PUT http://169.254.169.254/latest/api/token -H X-aws-ec2-metadata-token-ttl-seconds: 21600", "duration": 0.01}
{"timestamp": "2026-03-02T12:24:13.718446+00:00", "level": "INFO", "message": "Running: curl -s -H X-aws-ec2-metadata-token: AQAEACfhrHZdGua2nFSDzVyyWpD-rSjPQoItgAGfVFi0EwVT25yEGA== http://169.254.169.254/latest/meta-data/local-ipv4"}
{"timestamp": "2026-03-02T12:24:13.726145+00:00", "level": "INFO", "message": "Command succeeded", "command": "curl -s -H X-aws-ec2-metadata-token: AQAEACfhrHZdGua2nFSDzVyyWpD-rSjPQoItgAGfVFi0EwVT25yEGA== http://169.254.169.254/latest/meta-data/local-ipv4", "duration": 0.01}
{"timestamp": "2026-03-02T12:24:13.726289+00:00", "level": "INFO", "message": "Running: curl -sX PUT http://169.254.169.254/latest/api/token -H X-aws-ec2-metadata-token-ttl-seconds: 21600"}
{"timestamp": "2026-03-02T12:24:13.733987+00:00", "level": "INFO", "message": "Command succeeded", "command": "curl -sX PUT http://169.254.169.254/latest/api/token -H X-aws-ec2-metadata-token-ttl-seconds: 21600", "duration": 0.01}
{"timestamp": "2026-03-02T12:24:13.734118+00:00", "level": "INFO", "message": "Running: curl -s -H X-aws-ec2-metadata-token: AQAEACfhrHaBCOgIEosNeP-cjJbW7tQhNmrHs1newn1VieLNb2f2Cw== http://169.254.169.254/latest/meta-data/public-ipv4"}
{"timestamp": "2026-03-02T12:24:13.741929+00:00", "level": "INFO", "message": "Command succeeded", "command": "curl -s -H X-aws-ec2-metadata-token: AQAEACfhrHaBCOgIEosNeP-cjJbW7tQhNmrHs1newn1VieLNb2f2Cw== http://169.254.169.254/latest/meta-data/public-ipv4", "duration": 0.01}
{"timestamp": "2026-03-02T12:24:13.742068+00:00", "level": "INFO", "message": "Running: curl -sX PUT http://169.254.169.254/latest/api/token -H X-aws-ec2-metadata-token-ttl-seconds: 21600"}
{"timestamp": "2026-03-02T12:24:13.750080+00:00", "level": "INFO", "message": "Command succeeded", "command": "curl -sX PUT http://169.254.169.254/latest/api/token -H X-aws-ec2-metadata-token-ttl-seconds: 21600", "duration": 0.01}
{"timestamp": "2026-03-02T12:24:13.750209+00:00", "level": "INFO", "message": "Running: curl -s -H X-aws-ec2-metadata-token: AQAEACfhrHYt-CWwnBpQUSQSvkH0qAPyzjZ-CywFfnipYMe3EZv9dA== http://169.254.169.254/latest/meta-data/instance-id"}
{"timestamp": "2026-03-02T12:24:13.758066+00:00", "level": "INFO", "message": "Command succeeded", "command": "curl -s -H X-aws-ec2-metadata-token: AQAEACfhrHYt-CWwnBpQUSQSvkH0qAPyzjZ-CywFfnipYMe3EZv9dA== http://169.254.169.254/latest/meta-data/instance-id", "duration": 0.01}
{"timestamp": "2026-03-02T12:24:13.758202+00:00", "level": "INFO", "message": "Running kubeadm init..."}
{"timestamp": "2026-03-02T12:24:13.758270+00:00", "level": "INFO", "message": "Running: kubeadm init --kubernetes-version=1.35.1 --pod-network-cidr=192.168.0.0/16 --service-cidr=10.96.0.0/12 --control-plane-endpoint=10.0.0.169:6443 --apiserver-cert-extra-sans=10.0.0.169,54.229.112.141 --upload-certs"}
[init] Using Kubernetes version: v1.35.1
[preflight] Running pre-flight checks
	[WARNING ContainerRuntimeVersion]: You must update your container runtime to a version that supports the CRI method RuntimeConfig. Falling back to using cgroupDriver from kubelet config will be removed in 1.36. For more information, see https://git.k8s.io/enhancements/keps/sig-node/4033-group-driver-detection-over-cri
2026-03-02T12:24:15 [preflight] Pulling images required for setting up a Kubernetes cluster
[preflight] This might take a minute or two, depending on the speed of your internet connection
[preflight] You can also perform this action beforehand using 'kubeadm config images pull'
W0302 12:24:14.286124    4261 checks.go:906] detected that the sandbox image "registry.k8s.io/pause:3.8" of the container runtime is inconsistent with that used by kubeadm. It is recommended to use "registry.k8s.io/pause:3.10.1" as the CRI sandbox image.
2026-03-02T12:24:18 Step script not found locally, syncing from S3...
2026-03-02T12:24:18 === Executing: joinCluster ===
{"timestamp": "2026-03-02T12:24:17.976730+00:00", "level": "INFO", "message": "=== Starting step: join-cluster ==="}
{"timestamp": "2026-03-02T12:24:17.976806+00:00", "level": "INFO", "message": "Resolving control plane endpoint from SSM..."}
{"timestamp": "2026-03-02T12:24:17.976829+00:00", "level": "INFO", "message": "Running: aws ssm get-parameter --name /k8s/development/control-plane-endpoint --query Parameter.Value --output text --region eu-west-1"}
2026-03-02T12:24:19 === Executing: validateGoldenAMI ===
{"timestamp": "2026-03-02T12:24:18.597518+00:00", "level": "INFO", "message": "=== Starting step: validate-ami ==="}
{"timestamp": "2026-03-02T12:24:18.597601+00:00", "level": "INFO", "message": "Checking required binaries..."}
{"timestamp": "2026-03-02T12:24:18.598061+00:00", "level": "INFO", "message": "  \u2713 containerd -> /usr/local/bin/containerd"}
{"timestamp": "2026-03-02T12:24:18.598096+00:00", "level": "INFO", "message": "  \u2713 kubeadm -> /usr/bin/kubeadm"}
{"timestamp": "2026-03-02T12:24:18.598137+00:00", "level": "INFO", "message": "  \u2713 kubelet -> /usr/bin/kubelet"}
{"timestamp": "2026-03-02T12:24:18.598155+00:00", "level": "INFO", "message": "  \u2713 kubectl -> /usr/bin/kubectl"}
{"timestamp": "2026-03-02T12:24:18.598172+00:00", "level": "INFO", "message": "  \u2713 helm -> /usr/local/bin/helm"}
{"timestamp": "2026-03-02T12:24:18.598189+00:00", "level": "INFO", "message": "Checking kernel modules..."}
{"timestamp": "2026-03-02T12:24:18.598706+00:00", "level": "INFO", "message": "  \u2713 Kernel module: overlay"}
{"timestamp": "2026-03-02T12:24:18.598740+00:00", "level": "INFO", "message": "  \u2713 Kernel module: br_netfilter"}
{"timestamp": "2026-03-02T12:24:18.598759+00:00", "level": "INFO", "message": "Checking sysctl settings..."}
{"timestamp": "2026-03-02T12:24:18.598938+00:00", "level": "INFO", "message": "  \u2713 sysctl net.bridge.bridge-nf-call-iptables = 1"}
{"timestamp": "2026-03-02T12:24:18.599098+00:00", "level": "INFO", "message": "  \u2713 sysctl net.bridge.bridge-nf-call-ip6tables = 1"}
{"timestamp": "2026-03-02T12:24:18.599186+00:00", "level": "INFO", "message": "  \u2713 sysctl net.ipv4.ip_forward = 1"}
{"timestamp": "2026-03-02T12:24:18.599209+00:00", "level": "INFO", "message": "\u2713 Golden AMI validated \u2014 all required binaries and settings present"}
{"timestamp": "2026-03-02T12:24:18.599256+00:00", "level": "INFO", "message": "Step 'validate-ami' completed in 0.0s"}
=== Completed: validateGoldenAMI ===
2026-03-02T12:24:19 {"timestamp": "2026-03-02T12:24:18.968851+00:00", "level": "INFO", "message": "Command succeeded", "command": "aws ssm get-parameter --name /k8s/development/control-plane-endpoint --query Parameter.Value --output text --region eu-west-1", "duration": 0.99}
{"timestamp": "2026-03-02T12:24:18.969037+00:00", "level": "INFO", "message": "Control plane endpoint: 10.0.0.99:6443"}
{"timestamp": "2026-03-02T12:24:18.969075+00:00", "level": "INFO", "message": "Joining kubeadm cluster as worker node (label=role=worker)"}
{"timestamp": "2026-03-02T12:24:18.969092+00:00", "level": "INFO", "message": "Join config: max_retries=10, retry_interval=30s"}
{"timestamp": "2026-03-02T12:24:18.969112+00:00", "level": "INFO", "message": "Running: systemctl start containerd"}
{"timestamp": "2026-03-02T12:24:18.979341+00:00", "level": "INFO", "message": "Command succeeded", "command": "systemctl start containerd", "duration": 0.01}
{"timestamp": "2026-03-02T12:24:18.979456+00:00", "level": "INFO", "message": "containerd started"}
{"timestamp": "2026-03-02T12:24:18.979641+00:00", "level": "INFO", "message": "Installing ECR credential provider v1.31.0..."}
{"timestamp": "2026-03-02T12:24:18.979674+00:00", "level": "INFO", "message": "Running: uname -m"}
{"timestamp": "2026-03-02T12:24:18.982730+00:00", "level": "INFO", "message": "Command succeeded", "command": "uname -m", "duration": 0.0}
{"timestamp": "2026-03-02T12:24:18.982840+00:00", "level": "INFO", "message": "Downloading ecr-credential-provider v1.31.0 (amd64)..."}
{"timestamp": "2026-03-02T12:24:18.982865+00:00", "level": "INFO", "message": "  URL: https://storage.googleapis.com/k8s-artifacts-prod/binaries/cloud-provider-aws/v1.31.0/linux/amd64/ecr-credential-provider-linux-amd64"}
{"timestamp": "2026-03-02T12:24:18.982896+00:00", "level": "INFO", "message": "Running: curl -fsSL -o /usr/local/bin/ecr-credential-provider https://storage.googleapis.com/k8s-artifacts-prod/binaries/cloud-provider-aws/v1.31.0/linux/amd64/ecr-credential-provider-linux-amd64"}
2026-03-02T12:24:20 {"timestamp": "2026-03-02T12:24:20.355563+00:00", "level": "INFO", "message": "Command succeeded", "command": "curl -fsSL -o /usr/local/bin/ecr-credential-provider https://storage.googleapis.com/k8s-artifacts-prod/binaries/cloud-provider-aws/v1.31.0/linux/amd64/ecr-credential-provider-linux-amd64", "duration": 1.37}
{"timestamp": "2026-03-02T12:24:20.355821+00:00", "level": "INFO", "message": "Running: chmod +x /usr/local/bin/ecr-credential-provider"}
{"timestamp": "2026-03-02T12:24:20.360155+00:00", "level": "INFO", "message": "Command succeeded", "command": "chmod +x /usr/local/bin/ecr-credential-provider", "duration": 0.0}
{"timestamp": "2026-03-02T12:24:20.360256+00:00", "level": "INFO", "message": "ECR credential provider installed: /usr/local/bin/ecr-credential-provider"}
{"timestamp": "2026-03-02T12:24:20.360288+00:00", "level": "INFO", "message": "ECR credential provider v1.31.0 installed successfully"}
{"timestamp": "2026-03-02T12:24:20.361349+00:00", "level": "INFO", "message": "ECR credential provider config already exists at /etc/kubernetes/image-credential-provider-config.yaml"}
{"timestamp": "2026-03-02T12:24:20.361418+00:00", "level": "INFO", "message": "Configuring kubelet with node label: role=worker"}
{"timestamp": "2026-03-02T12:24:20.361696+00:00", "level": "INFO", "message": "=== kubeadm join attempt 1/10 ==="}
{"timestamp": "2026-03-02T12:24:20.361723+00:00", "level": "INFO", "message": "Running: aws ssm get-parameter --name /k8s/development/join-token --query Parameter.Value --output text --region eu-west-1 --with-decryption"}
2026-03-02T12:24:21 {"timestamp": "2026-03-02T12:24:21.392007+00:00", "level": "INFO", "message": "Command succeeded", "command": "aws ssm get-parameter --name /k8s/development/join-token --query Parameter.Value --output text --region eu-west-1 --with-decryption", "duration": 1.03}
{"timestamp": "2026-03-02T12:24:21.392133+00:00", "level": "INFO", "message": "Running: aws ssm get-parameter --name /k8s/development/ca-hash --query Parameter.Value --output text --region eu-west-1"}
2026-03-02T12:24:22 {"timestamp": "2026-03-02T12:24:22.392128+00:00", "level": "INFO", "message": "Command succeeded", "command": "aws ssm get-parameter --name /k8s/development/ca-hash --query Parameter.Value --output text --region eu-west-1", "duration": 1.0}
{"timestamp": "2026-03-02T12:24:22.392255+00:00", "level": "INFO", "message": "Running kubeadm join..."}
{"timestamp": "2026-03-02T12:24:22.392292+00:00", "level": "INFO", "message": "Running: kubeadm join 10.0.0.99:6443 --token lhbr9y.de13lq1mzpd5yq0d --discovery-token-ca-cert-hash sha256:3d44c32c74db94366927c7b01d84292f81017e164df3dac9ba3728b044cee399"}
[preflight] Running pre-flight checks
	[WARNING ContainerRuntimeVersion]: You must update your container runtime to a version that supports the CRI method RuntimeConfig. Falling back to using cgroupDriver from kubelet config will be removed in 1.36. For more information, see https://git.k8s.io/enhancements/keps/sig-node/4033-group-driver-detection-over-cri
2026-03-02T12:24:24 [certs] Using certificateDir folder "/etc/kubernetes/pki"
[certs] Generating "ca" certificate and key
2026-03-02T12:24:24 === Executing: joinCluster ===
{"timestamp": "2026-03-02T12:24:23.745907+00:00", "level": "INFO", "message": "=== Starting step: join-cluster ==="}
{"timestamp": "2026-03-02T12:24:23.745993+00:00", "level": "INFO", "message": "Resolving control plane endpoint from SSM..."}
{"timestamp": "2026-03-02T12:24:23.746016+00:00", "level": "INFO", "message": "Running: aws ssm get-parameter --name /k8s/development/control-plane-endpoint --query Parameter.Value --output text --region eu-west-1"}
2026-03-02T12:24:25 [certs] Generating "apiserver" certificate and key
[certs] apiserver serving cert is signed for DNS names [ip-10-0-0-169.eu-west-1.compute.internal kubernetes kubernetes.default kubernetes.default.svc kubernetes.default.svc.cluster.local] and IPs [10.96.0.1 10.0.0.169 54.229.112.141]
[certs] Generating "apiserver-kubelet-client" certificate and key
[certs] Generating "front-proxy-ca" certificate and key
[certs] Generating "front-proxy-client" certificate and key
[certs] Generating "etcd/ca" certificate and key
[certs] Generating "etcd/server" certificate and key
[certs] etcd/server serving cert is signed for DNS names [ip-10-0-0-169.eu-west-1.compute.internal localhost] and IPs [10.0.0.169 127.0.0.1 ::1]
[certs] Generating "etcd/peer" certificate and key
[certs] etcd/peer serving cert is signed for DNS names [ip-10-0-0-169.eu-west-1.compute.internal localhost] and IPs [10.0.0.169 127.0.0.1 ::1]
[certs] Generating "etcd/healthcheck-client" certificate and key
2026-03-02T12:24:25 {"timestamp": "2026-03-02T12:24:24.777035+00:00", "level": "INFO", "message": "Command succeeded", "command": "aws ssm get-parameter --name /k8s/development/control-plane-endpoint --query Parameter.Value --output text --region eu-west-1", "duration": 1.03}
{"timestamp": "2026-03-02T12:24:24.777161+00:00", "level": "INFO", "message": "Control plane endpoint: 10.0.0.99:6443"}
{"timestamp": "2026-03-02T12:24:24.777195+00:00", "level": "INFO", "message": "Joining kubeadm cluster as worker node (label=role=worker)"}
{"timestamp": "2026-03-02T12:24:24.777215+00:00", "level": "INFO", "message": "Join config: max_retries=10, retry_interval=30s"}
{"timestamp": "2026-03-02T12:24:24.777237+00:00", "level": "INFO", "message": "Running: systemctl start containerd"}
{"timestamp": "2026-03-02T12:24:24.788958+00:00", "level": "INFO", "message": "Command succeeded", "command": "systemctl start containerd", "duration": 0.01}
{"timestamp": "2026-03-02T12:24:24.789084+00:00", "level": "INFO", "message": "containerd started"}
{"timestamp": "2026-03-02T12:24:24.789276+00:00", "level": "INFO", "message": "Installing ECR credential provider v1.31.0..."}
{"timestamp": "2026-03-02T12:24:24.789315+00:00", "level": "INFO", "message": "Running: uname -m"}
{"timestamp": "2026-03-02T12:24:24.792168+00:00", "level": "INFO", "message": "Command succeeded", "command": "uname -m", "duration": 0.0}
{"timestamp": "2026-03-02T12:24:24.792287+00:00", "level": "INFO", "message": "Downloading ecr-credential-provider v1.31.0 (amd64)..."}
{"timestamp": "2026-03-02T12:24:24.792312+00:00", "level": "INFO", "message": "  URL: https://storage.googleapis.com/k8s-artifacts-prod/binaries/cloud-provider-aws/v1.31.0/linux/amd64/ecr-credential-provider-linux-amd64"}
{"timestamp": "2026-03-02T12:24:24.792344+00:00", "level": "INFO", "message": "Running: curl -fsSL -o /usr/local/bin/ecr-credential-provider https://storage.googleapis.com/k8s-artifacts-prod/binaries/cloud-provider-aws/v1.31.0/linux/amd64/ecr-credential-provider-linux-amd64"}
2026-03-02T12:24:26 [certs] Generating "apiserver-etcd-client" certificate and key
[certs] Generating "sa" key and public key
[kubeconfig] Using kubeconfig folder "/etc/kubernetes"
[kubeconfig] Writing "admin.conf" kubeconfig file
[kubeconfig] Writing "super-admin.conf" kubeconfig file
[kubeconfig] Writing "kubelet.conf" kubeconfig file
[kubeconfig] Writing "controller-manager.conf" kubeconfig file
[kubeconfig] Writing "scheduler.conf" kubeconfig file
[etcd] Creating static Pod manifest for local etcd in "/etc/kubernetes/manifests"
[control-plane] Using manifest folder "/etc/kubernetes/manifests"
[control-plane] Creating static Pod manifest for "kube-apiserver"
[control-plane] Creating static Pod manifest for "kube-controller-manager"
[control-plane] Creating static Pod manifest for "kube-scheduler"
[kubelet-start] Writing kubelet environment file with flags to file "/var/lib/kubelet/kubeadm-flags.env"
[kubelet-start] Writing kubelet configuration to file "/var/lib/kubelet/instance-config.yaml"
[patches] Applied patch of type "application/strategic-merge-patch+json" to target "kubeletconfiguration"
[kubelet-start] Writing kubelet configuration to file "/var/lib/kubelet/config.yaml"
[kubelet-start] Starting the kubelet
2026-03-02T12:24:26 {"timestamp": "2026-03-02T12:24:26.271287+00:00", "level": "INFO", "message": "Command succeeded", "command": "curl -fsSL -o /usr/local/bin/ecr-credential-provider https://storage.googleapis.com/k8s-artifacts-prod/binaries/cloud-provider-aws/v1.31.0/linux/amd64/ecr-credential-provider-linux-amd64", "duration": 1.48}
{"timestamp": "2026-03-02T12:24:26.271550+00:00", "level": "INFO", "message": "Running: chmod +x /usr/local/bin/ecr-credential-provider"}
{"timestamp": "2026-03-02T12:24:26.275626+00:00", "level": "INFO", "message": "Command succeeded", "command": "chmod +x /usr/local/bin/ecr-credential-provider", "duration": 0.0}
{"timestamp": "2026-03-02T12:24:26.275767+00:00", "level": "INFO", "message": "ECR credential provider installed: /usr/local/bin/ecr-credential-provider"}
{"timestamp": "2026-03-02T12:24:26.275803+00:00", "level": "INFO", "message": "ECR credential provider v1.31.0 installed successfully"}
{"timestamp": "2026-03-02T12:24:26.276547+00:00", "level": "INFO", "message": "ECR credential provider config already exists at /etc/kubernetes/image-credential-provider-config.yaml"}
{"timestamp": "2026-03-02T12:24:26.276605+00:00", "level": "INFO", "message": "Configuring kubelet with node label: role=worker"}
{"timestamp": "2026-03-02T12:24:26.277084+00:00", "level": "INFO", "message": "=== kubeadm join attempt 1/10 ==="}
{"timestamp": "2026-03-02T12:24:26.277132+00:00", "level": "INFO", "message": "Running: aws ssm get-parameter --name /k8s/development/join-token --query Parameter.Value --output text --region eu-west-1 --with-decryption"}
2026-03-02T12:24:27 [wait-control-plane] Waiting for the kubelet to boot up the control plane as static Pods from directory "/etc/kubernetes/manifests"
[kubelet-check] Waiting for a healthy kubelet at http://127.0.0.1:10248/healthz. This can take up to 4m0s
[kubelet-check] The kubelet is healthy after 502.410783ms
[control-plane-check] Waiting for healthy control plane components. This can take up to 4m0s
[control-plane-check] Checking kube-apiserver at https://10.0.0.169:6443/livez
[control-plane-check] Checking kube-controller-manager at https://127.0.0.1:10257/healthz
[control-plane-check] Checking kube-scheduler at https://127.0.0.1:10259/livez
2026-03-02T12:24:27 {"timestamp": "2026-03-02T12:24:27.327068+00:00", "level": "INFO", "message": "Command succeeded", "command": "aws ssm get-parameter --name /k8s/development/join-token --query Parameter.Value --output text --region eu-west-1 --with-decryption", "duration": 1.05}
{"timestamp": "2026-03-02T12:24:27.327194+00:00", "level": "INFO", "message": "Running: aws ssm get-parameter --name /k8s/development/ca-hash --query Parameter.Value --output text --region eu-west-1"}
2026-03-02T12:24:28 {"timestamp": "2026-03-02T12:24:28.332225+00:00", "level": "INFO", "message": "Command succeeded", "command": "aws ssm get-parameter --name /k8s/development/ca-hash --query Parameter.Value --output text --region eu-west-1", "duration": 1.0}
{"timestamp": "2026-03-02T12:24:28.332350+00:00", "level": "INFO", "message": "Running kubeadm join..."}
{"timestamp": "2026-03-02T12:24:28.332383+00:00", "level": "INFO", "message": "Running: kubeadm join 10.0.0.99:6443 --token lhbr9y.de13lq1mzpd5yq0d --discovery-token-ca-cert-hash sha256:3d44c32c74db94366927c7b01d84292f81017e164df3dac9ba3728b044cee399"}
2026-03-02T12:24:30 [control-plane-check] kube-controller-manager is healthy after 3.006258585s
2026-03-02T12:24:31 [control-plane-check] kube-scheduler is healthy after 4.140783777s
2026-03-02T12:24:32 [preflight] Running pre-flight checks
	[WARNING ContainerRuntimeVersion]: You must update your container runtime to a version that supports the CRI method RuntimeConfig. Falling back to using cgroupDriver from kubelet config will be removed in 1.36. For more information, see https://git.k8s.io/enhancements/keps/sig-node/4033-group-driver-detection-over-cri
2026-03-02T12:24:33 [control-plane-check] kube-apiserver is healthy after 6.001230596s
[upload-config] Storing the configuration used in ConfigMap "kubeadm-config" in the "kube-system" Namespace
[kubelet] Creating a ConfigMap "kubelet-config" in namespace kube-system with the configuration for the kubelets in the cluster
[upload-certs] Storing the certificates in Secret "kubeadm-certs" in the "kube-system" Namespace
[upload-certs] Using certificate key:
546439af95aa7dcda34892f72ea4f0ab8114ba862ac586380e30b581dcd92cb7
[mark-control-plane] Marking the node ip-10-0-0-169.eu-west-1.compute.internal as control-plane by adding the labels: [node-role.kubernetes.io/control-plane node.kubernetes.io/exclude-from-external-load-balancers]
[mark-control-plane] Marking the node ip-10-0-0-169.eu-west-1.compute.internal as control-plane by adding the taints [node-role.kubernetes.io/control-plane:NoSchedule]
[bootstrap-token] Using token: 3z8tp4.el13q7emochhbxyf
[bootstrap-token] Configuring bootstrap tokens, cluster-info ConfigMap, RBAC Roles
[bootstrap-token] Configured RBAC rules to allow Node Bootstrap tokens to get nodes
[bootstrap-token] Configured RBAC rules to allow Node Bootstrap tokens to post CSRs in order for nodes to get long term certificate credentials
[bootstrap-token] Configured RBAC rules to allow the csrapprover controller automatically approve CSRs from a Node Bootstrap Token
[bootstrap-token] Configured RBAC rules to allow certificate rotation for all node client certificates in the cluster
2026-03-02T12:24:34 [bootstrap-token] Creating the "cluster-info" ConfigMap in the "kube-public" namespace
[kubelet-finalize] Updating "/etc/kubernetes/kubelet.conf" to point to a rotatable kubelet client certificate and key
2026-03-02T12:24:35 [addons] Applied essential addon: CoreDNS
[addons] Applied essential addon: kube-proxy

Your Kubernetes control-plane has initialized successfully!

To start using your cluster, you need to run the following as a regular user:

  mkdir -p $HOME/.kube
  sudo cp -i /etc/kubernetes/admin.conf $HOME/.kube/config
  sudo chown $(id -u):$(id -g) $HOME/.kube/config

Alternatively, if you are the root user, you can run:

  export KUBECONFIG=/etc/kubernetes/admin.conf

You should now deploy a pod network to the cluster.
Run "kubectl apply -f [podnetwork].yaml" with one of the options listed at:
  https://kubernetes.io/docs/concepts/cluster-administration/addons/

You can now join any number of control-plane nodes running the following command on each as root:

  kubeadm join 10.0.0.169:6443 --token 3z8tp4.el13q7emochhbxyf \
	--discovery-token-ca-cert-hash sha256:c46cb6b4baa711f6595c9753ed3b102dc94f6e6c13d01bdf3669046651ec7719 \
	--control-plane --certificate-key 546439af95aa7dcda34892f72ea4f0ab8114ba862ac586380e30b581dcd92cb7

Please note that the certificate-key gives access to cluster sensitive data, keep it secret!
As a safeguard, uploaded-certs will be deleted in two hours; If necessary, you can use
"kubeadm init phase upload-certs --upload-certs" to reload certs afterward.

Then you can join any number of worker nodes by running the following on each as root:

kubeadm join 10.0.0.169:6443 --token 3z8tp4.el13q7emochhbxyf \
	--discovery-token-ca-cert-hash sha256:c46cb6b4baa711f6595c9753ed3b102dc94f6e6c13d01bdf3669046651ec7719 
{"timestamp": "2026-03-02T12:24:34.786025+00:00", "level": "INFO", "message": "Command succeeded", "command": "kubeadm init --kubernetes-version=1.35.1 --pod-network-cidr=192.168.0.0/16 --service-cidr=10.96.0.0/12 --control-plane-endpoint=10.0.0.169:6443 --apiserver-cert-extra-sans=10.0.0.169,54.229.112.141 --upload-certs", "duration": 21.03}
{"timestamp": "2026-03-02T12:24:34.786479+00:00", "level": "INFO", "message": "Running: cp -f /etc/kubernetes/admin.conf /root/.kube/config"}
{"timestamp": "2026-03-02T12:24:34.795069+00:00", "level": "INFO", "message": "Command succeeded", "command": "cp -f /etc/kubernetes/admin.conf /root/.kube/config", "duration": 0.01}
{"timestamp": "2026-03-02T12:24:34.795201+00:00", "level": "INFO", "message": "Running: chmod 600 /root/.kube/config"}
{"timestamp": "2026-03-02T12:24:34.798937+00:00", "level": "INFO", "message": "Command succeeded", "command": "chmod 600 /root/.kube/config", "duration": 0.0}
{"timestamp": "2026-03-02T12:24:34.799067+00:00", "level": "INFO", "message": "Running: id ssm-user"}
{"timestamp": "2026-03-02T12:24:34.803268+00:00", "level": "ERROR", "message": "Command failed (exit 1)", "command": "id ssm-user", "duration": 0.0, "stderr": "id: \u2018ssm-user\u2019: no such user\n"}
{"timestamp": "2026-03-02T12:24:34.803403+00:00", "level": "INFO", "message": "Waiting for control plane to be ready..."}
{"timestamp": "2026-03-02T12:24:34.803448+00:00", "level": "INFO", "message": "Running: kubectl get nodes"}
2026-03-02T12:24:36 {"timestamp": "2026-03-02T12:24:35.253853+00:00", "level": "INFO", "message": "Command succeeded", "command": "kubectl get nodes", "duration": 0.45}
{"timestamp": "2026-03-02T12:24:35.253972+00:00", "level": "INFO", "message": "Control plane is ready (waited 1 seconds)"}
{"timestamp": "2026-03-02T12:24:35.253996+00:00", "level": "INFO", "message": "Control plane taint preserved \u2014 only Traefik + system pods will run here"}
{"timestamp": "2026-03-02T12:24:35.254019+00:00", "level": "INFO", "message": "Publishing cluster credentials to SSM..."}
{"timestamp": "2026-03-02T12:24:35.254041+00:00", "level": "INFO", "message": "Running: kubeadm token create --ttl 24h"}
{"timestamp": "2026-03-02T12:24:35.315503+00:00", "level": "INFO", "message": "Command succeeded", "command": "kubeadm token create --ttl 24h", "duration": 0.06}
{"timestamp": "2026-03-02T12:24:35.315630+00:00", "level": "INFO", "message": "Running: openssl x509 -pubkey -in /etc/kubernetes/pki/ca.crt | openssl rsa -pubin -outform der 2>/dev/null | openssl dgst -sha256 -hex | awk '{print $2}'"}
{"timestamp": "2026-03-02T12:24:35.347260+00:00", "level": "INFO", "message": "Command succeeded", "command": "openssl x509 -pubkey -in /etc/kubernetes/pki/ca.crt | openssl rsa -pubin -outform der 2>/dev/null | openssl dgst -sha256 -hex | awk '{print $2}'", "duration": 0.03}
{"timestamp": "2026-03-02T12:24:35.347380+00:00", "level": "INFO", "message": "Running: aws ssm put-parameter --name /k8s/development/join-token --value 1tp3mn.r2vy0hvrs0on5sk8 --type SecureString --overwrite --region eu-west-1"}
2026-03-02T12:24:37 {"timestamp": "2026-03-02T12:24:36.629975+00:00", "level": "INFO", "message": "Command succeeded", "command": "aws ssm put-parameter --name /k8s/development/join-token --value 1tp3mn.r2vy0hvrs0on5sk8 --type SecureString --overwrite --region eu-west-1", "duration": 1.28}
{"timestamp": "2026-03-02T12:24:36.630106+00:00", "level": "INFO", "message": "Running: aws ssm put-parameter --name /k8s/development/ca-hash --value sha256:c46cb6b4baa711f6595c9753ed3b102dc94f6e6c13d01bdf3669046651ec7719 --type String --overwrite --region eu-west-1"}
2026-03-02T12:24:38 {"timestamp": "2026-03-02T12:24:37.800703+00:00", "level": "INFO", "message": "Command succeeded", "command": "aws ssm put-parameter --name /k8s/development/ca-hash --value sha256:c46cb6b4baa711f6595c9753ed3b102dc94f6e6c13d01bdf3669046651ec7719 --type String --overwrite --region eu-west-1", "duration": 1.17}
{"timestamp": "2026-03-02T12:24:37.800831+00:00", "level": "INFO", "message": "Running: aws ssm put-parameter --name /k8s/development/control-plane-endpoint --value 10.0.0.169:6443 --type String --overwrite --region eu-west-1"}
2026-03-02T12:24:39 {"timestamp": "2026-03-02T12:24:39.074316+00:00", "level": "INFO", "message": "Command succeeded", "command": "aws ssm put-parameter --name /k8s/development/control-plane-endpoint --value 10.0.0.169:6443 --type String --overwrite --region eu-west-1", "duration": 1.27}
{"timestamp": "2026-03-02T12:24:39.074443+00:00", "level": "INFO", "message": "Running: aws ssm put-parameter --name /k8s/development/instance-id --value i-0f1491fd3dc63fd66 --type String --overwrite --region eu-west-1"}
2026-03-02T12:24:41 {"timestamp": "2026-03-02T12:24:40.592018+00:00", "level": "INFO", "message": "Command succeeded", "command": "aws ssm put-parameter --name /k8s/development/instance-id --value i-0f1491fd3dc63fd66 --type String --overwrite --region eu-west-1", "duration": 1.52}
{"timestamp": "2026-03-02T12:24:40.593363+00:00", "level": "INFO", "message": "Running: curl -sX PUT http://169.254.169.254/latest/api/token -H X-aws-ec2-metadata-token-ttl-seconds: 21600"}
{"timestamp": "2026-03-02T12:24:40.606708+00:00", "level": "INFO", "message": "Command succeeded", "command": "curl -sX PUT http://169.254.169.254/latest/api/token -H X-aws-ec2-metadata-token-ttl-seconds: 21600", "duration": 0.01}
{"timestamp": "2026-03-02T12:24:40.606847+00:00", "level": "INFO", "message": "Running: curl -s -H X-aws-ec2-metadata-token: AQAEACfhrHa0UESznUPLkRCb3EuuDDfD_c4HY1wpAHmiUM94TsLMKQ== http://169.254.169.254/latest/meta-data/public-ipv4"}
{"timestamp": "2026-03-02T12:24:40.623786+00:00", "level": "INFO", "message": "Command succeeded", "command": "curl -s -H X-aws-ec2-metadata-token: AQAEACfhrHa0UESznUPLkRCb3EuuDDfD_c4HY1wpAHmiUM94TsLMKQ== http://169.254.169.254/latest/meta-data/public-ipv4", "duration": 0.02}
{"timestamp": "2026-03-02T12:24:40.623976+00:00", "level": "INFO", "message": "Running: aws ssm put-parameter --name /k8s/development/elastic-ip --value 54.229.112.141 --type String --overwrite --region eu-west-1"}
2026-03-02T12:24:42 {"timestamp": "2026-03-02T12:24:41.837983+00:00", "level": "INFO", "message": "Command succeeded", "command": "aws ssm put-parameter --name /k8s/development/elastic-ip --value 54.229.112.141 --type String --overwrite --region eu-west-1", "duration": 1.21}
{"timestamp": "2026-03-02T12:24:41.838120+00:00", "level": "INFO", "message": "Cluster credentials published to SSM successfully"}
{"timestamp": "2026-03-02T12:24:41.838155+00:00", "level": "INFO", "message": "Running: kubectl get nodes -o wide"}
{"timestamp": "2026-03-02T12:24:41.912444+00:00", "level": "INFO", "message": "Command succeeded", "command": "kubectl get nodes -o wide", "duration": 0.07}
{"timestamp": "2026-03-02T12:24:41.912649+00:00", "level": "INFO", "message": "Step 'init-kubeadm' completed in 29.7s"}
=== Completed: initKubeadm ===
2026-03-02T12:24:48 === Executing: installCalicoCNI ===
{"timestamp": "2026-03-02T12:24:47.054936+00:00", "level": "INFO", "message": "=== Starting step: install-calico ==="}
{"timestamp": "2026-03-02T12:24:47.055117+00:00", "level": "INFO", "message": "Using pre-cached operator from Golden AMI"}
{"timestamp": "2026-03-02T12:24:47.055156+00:00", "level": "INFO", "message": "Running: kubectl create -f /opt/calico/tigera-operator.yaml"}
2026-03-02T12:24:49 {"timestamp": "2026-03-02T12:24:48.718655+00:00", "level": "INFO", "message": "Command succeeded", "command": "kubectl create -f /opt/calico/tigera-operator.yaml", "duration": 1.66}
{"timestamp": "2026-03-02T12:24:48.718811+00:00", "level": "INFO", "message": "Waiting for Calico operator deployment..."}
{"timestamp": "2026-03-02T12:24:48.718846+00:00", "level": "INFO", "message": "Running: kubectl wait --for=condition=Available deployment/tigera-operator -n tigera-operator --timeout=120s"}
2026-03-02T12:24:52 {"timestamp": "2026-03-02T12:24:51.644677+00:00", "level": "INFO", "message": "Command succeeded", "command": "kubectl wait --for=condition=Available deployment/tigera-operator -n tigera-operator --timeout=120s", "duration": 2.93}
{"timestamp": "2026-03-02T12:24:51.644812+00:00", "level": "INFO", "message": "Applying Calico Installation resource..."}
{"timestamp": "2026-03-02T12:24:51.644846+00:00", "level": "INFO", "message": "Running: echo 'apiVersion: operator.tigera.io/v1\nkind: Installation\nmetadata:\n  name: default\nspec:\n  calicoNetwork:\n    ipPools:\n      - cidr: 192.168.0.0/16\n        encapsulation: VXLANCrossSubnet\n        natOutgoing: Enabled\n        nodeSelector: all()\n    linuxDataplane: Iptables\n' | kubectl apply -f -"}
{"timestamp": "2026-03-02T12:24:51.888464+00:00", "level": "INFO", "message": "Command succeeded", "command": "echo 'apiVersion: operator.tigera.io/v1\nkind: Installation\nmetadata:\n  name: default\nspec:\n  calicoNetwork:\n    ipPools:\n      - cidr: 192.168.0.0/16\n        encapsulation: VXLANCrossSubnet\n        natOutgoing: Enabled\n        nodeSelector: all()\n    linuxDataplane: Iptables\n' | kubectl apply -f -", "duration": 0.24}
{"timestamp": "2026-03-02T12:24:51.888613+00:00", "level": "INFO", "message": "Waiting for Calico pods to become ready..."}
{"timestamp": "2026-03-02T12:24:51.888653+00:00", "level": "INFO", "message": "Running: kubectl get pods -n calico-system --no-headers"}
{"timestamp": "2026-03-02T12:24:51.996022+00:00", "level": "INFO", "message": "Command succeeded", "command": "kubectl get pods -n calico-system --no-headers", "duration": 0.11}
2026-03-02T12:24:53 {"timestamp": "2026-03-02T12:24:52.997236+00:00", "level": "INFO", "message": "Running: kubectl get pods -n calico-system --no-headers"}
2026-03-02T12:24:54 {"timestamp": "2026-03-02T12:24:53.071203+00:00", "level": "INFO", "message": "Command succeeded", "command": "kubectl get pods -n calico-system --no-headers", "duration": 0.07}
2026-03-02T12:24:55 {"timestamp": "2026-03-02T12:24:54.071919+00:00", "level": "INFO", "message": "Running: kubectl get pods -n calico-system --no-headers"}
{"timestamp": "2026-03-02T12:24:54.204001+00:00", "level": "INFO", "message": "Command succeeded", "command": "kubectl get pods -n calico-system --no-headers", "duration": 0.13}
2026-03-02T12:24:56 {"timestamp": "2026-03-02T12:24:55.204251+00:00", "level": "INFO", "message": "Running: kubectl get pods -n calico-system --no-headers"}
{"timestamp": "2026-03-02T12:24:55.422137+00:00", "level": "INFO", "message": "Command succeeded", "command": "kubectl get pods -n calico-system --no-headers", "duration": 0.22}
2026-03-02T12:24:57 {"timestamp": "2026-03-02T12:24:56.422433+00:00", "level": "INFO", "message": "Running: kubectl get pods -n calico-system --no-headers"}
{"timestamp": "2026-03-02T12:24:56.500768+00:00", "level": "INFO", "message": "Command succeeded", "command": "kubectl get pods -n calico-system --no-headers", "duration": 0.08}
2026-03-02T12:24:58 {"timestamp": "2026-03-02T12:24:57.501657+00:00", "level": "INFO", "message": "Running: kubectl get pods -n calico-system --no-headers"}
{"timestamp": "2026-03-02T12:24:57.605993+00:00", "level": "INFO", "message": "Command succeeded", "command": "kubectl get pods -n calico-system --no-headers", "duration": 0.1}
2026-03-02T12:24:59 {"timestamp": "2026-03-02T12:24:58.606770+00:00", "level": "INFO", "message": "Running: kubectl get pods -n calico-system --no-headers"}
{"timestamp": "2026-03-02T12:24:58.740546+00:00", "level": "INFO", "message": "Command succeeded", "command": "kubectl get pods -n calico-system --no-headers", "duration": 0.13}
2026-03-02T12:25:00 {"timestamp": "2026-03-02T12:24:59.741883+00:00", "level": "INFO", "message": "Running: kubectl get pods -n calico-system --no-headers"}
{"timestamp": "2026-03-02T12:24:59.892400+00:00", "level": "INFO", "message": "Command succeeded", "command": "kubectl get pods -n calico-system --no-headers", "duration": 0.15}
2026-03-02T12:25:01 {"timestamp": "2026-03-02T12:25:00.893678+00:00", "level": "INFO", "message": "Running: kubectl get pods -n calico-system --no-headers"}
{"timestamp": "2026-03-02T12:25:00.979289+00:00", "level": "INFO", "message": "Command succeeded", "command": "kubectl get pods -n calico-system --no-headers", "duration": 0.09}
2026-03-02T12:25:02 {"timestamp": "2026-03-02T12:25:01.982420+00:00", "level": "INFO", "message": "Running: kubectl get pods -n calico-system --no-headers"}
2026-03-02T12:25:03 {"timestamp": "2026-03-02T12:25:02.453997+00:00", "level": "INFO", "message": "Command succeeded", "command": "kubectl get pods -n calico-system --no-headers", "duration": 0.47}
2026-03-02T12:25:04 {"timestamp": "2026-03-02T12:25:03.455213+00:00", "level": "INFO", "message": "Running: kubectl get pods -n calico-system --no-headers"}
{"timestamp": "2026-03-02T12:25:03.602865+00:00", "level": "INFO", "message": "Command succeeded", "command": "kubectl get pods -n calico-system --no-headers", "duration": 0.15}
2026-03-02T12:25:05 {"timestamp": "2026-03-02T12:25:04.604887+00:00", "level": "INFO", "message": "Running: kubectl get pods -n calico-system --no-headers"}
{"timestamp": "2026-03-02T12:25:04.770682+00:00", "level": "INFO", "message": "Command succeeded", "command": "kubectl get pods -n calico-system --no-headers", "duration": 0.17}
2026-03-02T12:25:06 {"timestamp": "2026-03-02T12:25:05.771901+00:00", "level": "INFO", "message": "Running: kubectl get pods -n calico-system --no-headers"}
{"timestamp": "2026-03-02T12:25:05.916732+00:00", "level": "INFO", "message": "Command succeeded", "command": "kubectl get pods -n calico-system --no-headers", "duration": 0.14}
2026-03-02T12:25:07 {"timestamp": "2026-03-02T12:25:06.917967+00:00", "level": "INFO", "message": "Running: kubectl get pods -n calico-system --no-headers"}
{"timestamp": "2026-03-02T12:25:06.996097+00:00", "level": "INFO", "message": "Command succeeded", "command": "kubectl get pods -n calico-system --no-headers", "duration": 0.08}
2026-03-02T12:25:08 {"timestamp": "2026-03-02T12:25:07.997333+00:00", "level": "INFO", "message": "Running: kubectl get pods -n calico-system --no-headers"}
2026-03-02T12:25:09 {"timestamp": "2026-03-02T12:25:08.075573+00:00", "level": "INFO", "message": "Command succeeded", "command": "kubectl get pods -n calico-system --no-headers", "duration": 0.08}
2026-03-02T12:25:10 {"timestamp": "2026-03-02T12:25:09.075829+00:00", "level": "INFO", "message": "Running: kubectl get pods -n calico-system --no-headers"}
{"timestamp": "2026-03-02T12:25:09.209146+00:00", "level": "INFO", "message": "Command succeeded", "command": "kubectl get pods -n calico-system --no-headers", "duration": 0.13}
2026-03-02T12:25:11 {"timestamp": "2026-03-02T12:25:10.210235+00:00", "level": "INFO", "message": "Running: kubectl get pods -n calico-system --no-headers"}
{"timestamp": "2026-03-02T12:25:10.331070+00:00", "level": "INFO", "message": "Command succeeded", "command": "kubectl get pods -n calico-system --no-headers", "duration": 0.12}
2026-03-02T12:25:12 {"timestamp": "2026-03-02T12:25:11.332140+00:00", "level": "INFO", "message": "Running: kubectl get pods -n calico-system --no-headers"}
{"timestamp": "2026-03-02T12:25:11.455211+00:00", "level": "INFO", "message": "Command succeeded", "command": "kubectl get pods -n calico-system --no-headers", "duration": 0.12}
2026-03-02T12:25:13 {"timestamp": "2026-03-02T12:25:12.456410+00:00", "level": "INFO", "message": "Running: kubectl get pods -n calico-system --no-headers"}
{"timestamp": "2026-03-02T12:25:12.581545+00:00", "level": "INFO", "message": "Command succeeded", "command": "kubectl get pods -n calico-system --no-headers", "duration": 0.12}
2026-03-02T12:25:14 {"timestamp": "2026-03-02T12:25:13.582768+00:00", "level": "INFO", "message": "Running: kubectl get pods -n calico-system --no-headers"}
{"timestamp": "2026-03-02T12:25:13.714050+00:00", "level": "INFO", "message": "Command succeeded", "command": "kubectl get pods -n calico-system --no-headers", "duration": 0.13}
2026-03-02T12:25:15 {"timestamp": "2026-03-02T12:25:14.714826+00:00", "level": "INFO", "message": "Running: kubectl get pods -n calico-system --no-headers"}
{"timestamp": "2026-03-02T12:25:14.826385+00:00", "level": "INFO", "message": "Command succeeded", "command": "kubectl get pods -n calico-system --no-headers", "duration": 0.11}
2026-03-02T12:25:16 {"timestamp": "2026-03-02T12:25:15.833402+00:00", "level": "INFO", "message": "Running: kubectl get pods -n calico-system --no-headers"}
{"timestamp": "2026-03-02T12:25:15.986653+00:00", "level": "INFO", "message": "Command succeeded", "command": "kubectl get pods -n calico-system --no-headers", "duration": 0.15}
2026-03-02T12:25:17 {"timestamp": "2026-03-02T12:25:16.986861+00:00", "level": "INFO", "message": "Running: kubectl get pods -n calico-system --no-headers"}
2026-03-02T12:25:18 {"timestamp": "2026-03-02T12:25:17.271203+00:00", "level": "INFO", "message": "Command succeeded", "command": "kubectl get pods -n calico-system --no-headers", "duration": 0.28}
2026-03-02T12:25:19 {"timestamp": "2026-03-02T12:25:18.272490+00:00", "level": "INFO", "message": "Running: kubectl get pods -n calico-system --no-headers"}
{"timestamp": "2026-03-02T12:25:18.457171+00:00", "level": "INFO", "message": "Command succeeded", "command": "kubectl get pods -n calico-system --no-headers", "duration": 0.18}
2026-03-02T12:25:20 {"timestamp": "2026-03-02T12:25:19.457940+00:00", "level": "INFO", "message": "Running: kubectl get pods -n calico-system --no-headers"}
{"timestamp": "2026-03-02T12:25:19.577930+00:00", "level": "INFO", "message": "Command succeeded", "command": "kubectl get pods -n calico-system --no-headers", "duration": 0.12}
2026-03-02T12:25:21 {"timestamp": "2026-03-02T12:25:20.579183+00:00", "level": "INFO", "message": "Running: kubectl get pods -n calico-system --no-headers"}
{"timestamp": "2026-03-02T12:25:20.665265+00:00", "level": "INFO", "message": "Command succeeded", "command": "kubectl get pods -n calico-system --no-headers", "duration": 0.09}
2026-03-02T12:25:22 {"timestamp": "2026-03-02T12:25:21.665547+00:00", "level": "INFO", "message": "Running: kubectl get pods -n calico-system --no-headers"}
{"timestamp": "2026-03-02T12:25:21.815176+00:00", "level": "INFO", "message": "Command succeeded", "command": "kubectl get pods -n calico-system --no-headers", "duration": 0.15}
2026-03-02T12:25:23 {"timestamp": "2026-03-02T12:25:22.816393+00:00", "level": "INFO", "message": "Running: kubectl get pods -n calico-system --no-headers"}
{"timestamp": "2026-03-02T12:25:22.894304+00:00", "level": "INFO", "message": "Command succeeded", "command": "kubectl get pods -n calico-system --no-headers", "duration": 0.08}
2026-03-02T12:25:24 {"timestamp": "2026-03-02T12:25:23.894931+00:00", "level": "INFO", "message": "Running: kubectl get pods -n calico-system --no-headers"}
2026-03-02T12:25:25 {"timestamp": "2026-03-02T12:25:24.047444+00:00", "level": "INFO", "message": "Command succeeded", "command": "kubectl get pods -n calico-system --no-headers", "duration": 0.15}
2026-03-02T12:25:26 {"timestamp": "2026-03-02T12:25:25.048502+00:00", "level": "INFO", "message": "Running: kubectl get pods -n calico-system --no-headers"}
{"timestamp": "2026-03-02T12:25:25.125658+00:00", "level": "INFO", "message": "Command succeeded", "command": "kubectl get pods -n calico-system --no-headers", "duration": 0.08}
{"timestamp": "2026-03-02T12:25:25.125816+00:00", "level": "INFO", "message": "Calico pods ready (4/4, waited 30s)"}
{"timestamp": "2026-03-02T12:25:25.125846+00:00", "level": "INFO", "message": "Calico CNI installed successfully"}
{"timestamp": "2026-03-02T12:25:25.125913+00:00", "level": "INFO", "message": "Step 'install-calico' completed in 38.1s"}
=== Completed: installCalicoCNI ===
2026-03-02T12:25:31 === Executing: configureKubectl ===
{"timestamp": "2026-03-02T12:25:30.232609+00:00", "level": "INFO", "message": "=== Starting step: configure-kubectl ==="}
{"timestamp": "2026-03-02T12:25:30.232688+00:00", "level": "INFO", "message": "Configuring kubectl access..."}
{"timestamp": "2026-03-02T12:25:30.232806+00:00", "level": "INFO", "message": "Running: cp -f /etc/kubernetes/admin.conf /root/.kube/config"}
{"timestamp": "2026-03-02T12:25:30.237739+00:00", "level": "INFO", "message": "Command succeeded", "command": "cp -f /etc/kubernetes/admin.conf /root/.kube/config", "duration": 0.0}
{"timestamp": "2026-03-02T12:25:30.237900+00:00", "level": "INFO", "message": "Running: chmod 600 /root/.kube/config"}
{"timestamp": "2026-03-02T12:25:30.241853+00:00", "level": "INFO", "message": "Command succeeded", "command": "chmod 600 /root/.kube/config", "duration": 0.0}
{"timestamp": "2026-03-02T12:25:30.241970+00:00", "level": "INFO", "message": "  \u2713 kubeconfig for root"}
{"timestamp": "2026-03-02T12:25:30.242798+00:00", "level": "INFO", "message": "Running: cp -f /etc/kubernetes/admin.conf /home/ec2-user/.kube/config"}
{"timestamp": "2026-03-02T12:25:30.247005+00:00", "level": "INFO", "message": "Command succeeded", "command": "cp -f /etc/kubernetes/admin.conf /home/ec2-user/.kube/config", "duration": 0.0}
{"timestamp": "2026-03-02T12:25:30.247172+00:00", "level": "INFO", "message": "Running: chown ec2-user:ec2-user /home/ec2-user/.kube/config"}
{"timestamp": "2026-03-02T12:25:30.252765+00:00", "level": "INFO", "message": "Command succeeded", "command": "chown ec2-user:ec2-user /home/ec2-user/.kube/config", "duration": 0.01}
{"timestamp": "2026-03-02T12:25:30.252905+00:00", "level": "INFO", "message": "Running: chmod 600 /home/ec2-user/.kube/config"}
{"timestamp": "2026-03-02T12:25:30.256803+00:00", "level": "INFO", "message": "Command succeeded", "command": "chmod 600 /home/ec2-user/.kube/config", "duration": 0.0}
{"timestamp": "2026-03-02T12:25:30.256914+00:00", "level": "INFO", "message": "  \u2713 kubeconfig for ec2-user"}
{"timestamp": "2026-03-02T12:25:30.256973+00:00", "level": "INFO", "message": "Running: id ssm-user"}
{"timestamp": "2026-03-02T12:25:30.261369+00:00", "level": "ERROR", "message": "Command failed (exit 1)", "command": "id ssm-user", "duration": 0.0, "stderr": "id: \u2018ssm-user\u2019: no such user\n"}
{"timestamp": "2026-03-02T12:25:30.261487+00:00", "level": "INFO", "message": "  ssm-user does not exist yet \u2014 deferred setup will run on first SSM session"}
{"timestamp": "2026-03-02T12:25:30.261932+00:00", "level": "INFO", "message": "Running: chmod 755 /usr/local/bin/setup-ssm-kubeconfig.sh"}
{"timestamp": "2026-03-02T12:25:30.265691+00:00", "level": "INFO", "message": "Command succeeded", "command": "chmod 755 /usr/local/bin/setup-ssm-kubeconfig.sh", "duration": 0.0}
{"timestamp": "2026-03-02T12:25:30.267098+00:00", "level": "INFO", "message": "Running: chmod 644 /etc/profile.d/kubernetes.sh"}
{"timestamp": "2026-03-02T12:25:30.270285+00:00", "level": "INFO", "message": "Command succeeded", "command": "chmod 644 /etc/profile.d/kubernetes.sh", "duration": 0.0}
{"timestamp": "2026-03-02T12:25:30.270865+00:00", "level": "INFO", "message": "  \u2713 Global KUBECONFIG configured (profile.d + bashrc)"}
{"timestamp": "2026-03-02T12:25:30.270967+00:00", "level": "INFO", "message": "Running: kubectl cluster-info"}
{"timestamp": "2026-03-02T12:25:30.343028+00:00", "level": "INFO", "message": "Command succeeded", "command": "kubectl cluster-info", "duration": 0.07}
{"timestamp": "2026-03-02T12:25:30.343159+00:00", "level": "INFO", "message": "Running: kubectl get namespaces"}
{"timestamp": "2026-03-02T12:25:30.413587+00:00", "level": "INFO", "message": "Command succeeded", "command": "kubectl get namespaces", "duration": 0.07}
{"timestamp": "2026-03-02T12:25:30.413703+00:00", "level": "INFO", "message": "kubectl access configured successfully"}
{"timestamp": "2026-03-02T12:25:30.413741+00:00", "level": "INFO", "message": "Step 'configure-kubectl' completed in 0.2s"}
=== Completed: configureKubectl ===
2026-03-02T12:25:36 === Executing: syncManifests ===
{"timestamp": "2026-03-02T12:25:35.559722+00:00", "level": "INFO", "message": "=== Starting step: sync-manifests ==="}
{"timestamp": "2026-03-02T12:25:35.559875+00:00", "level": "INFO", "message": "Running: aws s3 ls s3://k8s-development-k8s-scripts-771826808455/k8s-bootstrap/ --recursive --region eu-west-1"}
2026-03-02T12:25:37 {"timestamp": "2026-03-02T12:25:36.708152+00:00", "level": "INFO", "message": "Command succeeded", "command": "aws s3 ls s3://k8s-development-k8s-scripts-771826808455/k8s-bootstrap/ --recursive --region eu-west-1", "duration": 1.15}
{"timestamp": "2026-03-02T12:25:36.708287+00:00", "level": "INFO", "message": "\u2713 Found 28 objects in S3 bootstrap (attempt 1/15)"}
{"timestamp": "2026-03-02T12:25:36.708332+00:00", "level": "INFO", "message": "Running: aws s3 sync s3://k8s-development-k8s-scripts-771826808455/k8s-bootstrap/ /data/k8s-bootstrap/ --region eu-west-1"}
2026-03-02T12:25:38 {"timestamp": "2026-03-02T12:25:38.205020+00:00", "level": "INFO", "message": "Command succeeded", "command": "aws s3 sync s3://k8s-development-k8s-scripts-771826808455/k8s-bootstrap/ /data/k8s-bootstrap/ --region eu-west-1", "duration": 1.5}
{"timestamp": "2026-03-02T12:25:38.209007+00:00", "level": "INFO", "message": "Bootstrap bundle downloaded: /data/k8s-bootstrap"}
{"timestamp": "2026-03-02T12:25:38.209169+00:00", "level": "INFO", "message": "Step 'sync-manifests' completed in 2.6s"}
=== Completed: syncManifests ===
2026-03-02T12:25:44 === Executing: bootstrapArgoCD ===
{"timestamp": "2026-03-02T12:25:43.383348+00:00", "level": "INFO", "message": "=== Starting step: bootstrap-argocd ==="}
{"timestamp": "2026-03-02T12:25:43.383541+00:00", "level": "INFO", "message": "Executing ArgoCD bootstrap: /data/k8s-bootstrap/system/argocd/bootstrap-argocd.sh"}
{"timestamp": "2026-03-02T12:25:43.383602+00:00", "level": "INFO", "message": "Running: /data/k8s-bootstrap/system/argocd/bootstrap-argocd.sh"}
2026-03-02T12:25:47 === ArgoCD Bootstrap ===
SSM prefix: /k8s/development
Region:     eu-west-1
ArgoCD dir: /data/k8s-bootstrap/system/argocd
Triggered:  2026-03-02T12:25:46Z

=== Step 1: Creating argocd namespace ===
namespace/argocd created
✓ argocd namespace ready

=== Step 2: Resolving SSH Deploy Key from SSM ===
  → Resolving from SSM: /k8s/development/deploy-key
/usr/local/lib/python3.9/site-packages/boto3/compat.py:89: PythonDeprecationWarning: Boto3 will no longer support Python 3.9 starting April 29, 2026. To continue receiving service updates, bug fixes, and security updates please upgrade to Python 3.10 or later. More information can be found here: https://aws.amazon.com/blogs/developer/python-support-policy-updates-for-aws-sdks-and-tools/
  warnings.warn(warning, PythonDeprecationWarning)
  ✓ SSH Deploy Key resolved from SSM

=== Step 3: Creating repo credentials (SSH Deploy Key) ===
2026-03-02T12:25:48   ✓ SSH Deploy Key repo credentials created

=== Step 4: Installing ArgoCD ===
2026-03-02T12:25:49 customresourcedefinition.apiextensions.k8s.io/applications.argoproj.io serverside-applied
2026-03-02T12:25:50 customresourcedefinition.apiextensions.k8s.io/applicationsets.argoproj.io serverside-applied
customresourcedefinition.apiextensions.k8s.io/appprojects.argoproj.io serverside-applied
serviceaccount/argocd-application-controller serverside-applied
serviceaccount/argocd-applicationset-controller serverside-applied
serviceaccount/argocd-dex-server serverside-applied
serviceaccount/argocd-notifications-controller serverside-applied
serviceaccount/argocd-redis serverside-applied
serviceaccount/argocd-repo-server serverside-applied
serviceaccount/argocd-server serverside-applied
role.rbac.authorization.k8s.io/argocd-application-controller serverside-applied
role.rbac.authorization.k8s.io/argocd-applicationset-controller serverside-applied
role.rbac.authorization.k8s.io/argocd-dex-server serverside-applied
role.rbac.authorization.k8s.io/argocd-notifications-controller serverside-applied
role.rbac.authorization.k8s.io/argocd-redis serverside-applied
role.rbac.authorization.k8s.io/argocd-server serverside-applied
clusterrole.rbac.authorization.k8s.io/argocd-application-controller serverside-applied
clusterrole.rbac.authorization.k8s.io/argocd-applicationset-controller serverside-applied
clusterrole.rbac.authorization.k8s.io/argocd-server serverside-applied
rolebinding.rbac.authorization.k8s.io/argocd-application-controller serverside-applied
rolebinding.rbac.authorization.k8s.io/argocd-applicationset-controller serverside-applied
rolebinding.rbac.authorization.k8s.io/argocd-dex-server serverside-applied
rolebinding.rbac.authorization.k8s.io/argocd-notifications-controller serverside-applied
rolebinding.rbac.authorization.k8s.io/argocd-redis serverside-applied
rolebinding.rbac.authorization.k8s.io/argocd-server serverside-applied
clusterrolebinding.rbac.authorization.k8s.io/argocd-application-controller serverside-applied
clusterrolebinding.rbac.authorization.k8s.io/argocd-applicationset-controller serverside-applied
clusterrolebinding.rbac.authorization.k8s.io/argocd-server serverside-applied
configmap/argocd-cm serverside-applied
configmap/argocd-cmd-params-cm serverside-applied
configmap/argocd-gpg-keys-cm serverside-applied
configmap/argocd-notifications-cm serverside-applied
configmap/argocd-rbac-cm serverside-applied
configmap/argocd-ssh-known-hosts-cm serverside-applied
configmap/argocd-tls-certs-cm serverside-applied
2026-03-02T12:25:51 secret/argocd-notifications-secret serverside-applied
secret/argocd-secret serverside-applied
service/argocd-applicationset-controller serverside-applied
service/argocd-dex-server serverside-applied
service/argocd-metrics serverside-applied
service/argocd-notifications-controller-metrics serverside-applied
service/argocd-redis serverside-applied
service/argocd-repo-server serverside-applied
2026-03-02T12:25:52 service/argocd-server serverside-applied
service/argocd-server-metrics serverside-applied
deployment.apps/argocd-applicationset-controller serverside-applied
deployment.apps/argocd-dex-server serverside-applied
deployment.apps/argocd-notifications-controller serverside-applied
deployment.apps/argocd-redis serverside-applied
deployment.apps/argocd-repo-server serverside-applied
2026-03-02T12:25:53 deployment.apps/argocd-server serverside-applied
statefulset.apps/argocd-application-controller serverside-applied
networkpolicy.networking.k8s.io/argocd-application-controller-network-policy serverside-applied
networkpolicy.networking.k8s.io/argocd-applicationset-controller-network-policy serverside-applied
networkpolicy.networking.k8s.io/argocd-dex-server-network-policy serverside-applied
networkpolicy.networking.k8s.io/argocd-notifications-controller-network-policy serverside-applied
networkpolicy.networking.k8s.io/argocd-redis-network-policy serverside-applied
networkpolicy.networking.k8s.io/argocd-repo-server-network-policy serverside-applied
networkpolicy.networking.k8s.io/argocd-server-network-policy serverside-applied
✓ ArgoCD core installed

=== Step 4b: Creating default AppProject ===
appproject.argoproj.io/default created
✓ default AppProject created

=== Step 5: Applying App-of-Apps root ===
  → Applying App-of-Apps root: root-app.yaml
2026-03-02T12:25:54 Warning: metadata.finalizers: "resources-finalizer.argocd.argoproj.io": prefer a domain-qualified finalizer name including a path (/) to avoid accidental conflicts with other finalizer writers
application.argoproj.io/root created
✓ App-of-Apps root applied

=== Step 6: Waiting for ArgoCD server ===
  ℹ No worker nodes available yet — ArgoCD pods will remain Pending
  ℹ Pods will start automatically once workers join the cluster
  → Skipping readiness wait (control plane has NoSchedule taint)

=== Step 7: Applying ArgoCD ingress ===
  → Waiting for Traefik CRDs before applying ingress...
2026-03-02T12:25:56 error: resource mapping not found for name: "argocd-ingress" namespace: "argocd" from "/data/k8s-bootstrap/system/argocd/ingress.yaml": no matches for kind "IngressRoute" in version "traefik.io/v1alpha1"
ensure CRDs are installed first
  Attempt 1/10 — Traefik CRDs not ready, waiting 30s...
2026-03-02T12:26:22 {"timestamp": "2026-03-02T12:26:22.397658+00:00", "level": "ERROR", "message": "Command timed out after 120s", "command": "kubeadm join 10.0.0.99:6443 --token lhbr9y.de13lq1mzpd5yq0d --discovery-token-ca-cert-hash sha256:3d44c32c74db94366927c7b01d84292f81017e164df3dac9ba3728b044cee399"}
{"timestamp": "2026-03-02T12:26:22.397849+00:00", "level": "ERROR", "message": "Step 'join-cluster' FAILED in 124.4s", "error": "Command '['kubeadm', 'join', '10.0.0.99:6443', '--token', 'lhbr9y.de13lq1mzpd5yq0d', '--discovery-token-ca-cert-hash', 'sha256:3d44c32c74db94366927c7b01d84292f81017e164df3dac9ba3728b044cee399']' timed out after 119.9999489889999 seconds"}
Traceback (most recent call last):
  File "/data/k8s-bootstrap/boot/steps/join_cluster.py", line 183, in <module>
    main()
  File "/data/k8s-bootstrap/boot/steps/join_cluster.py", line 169, in main
    join_cluster(endpoint)
  File "/data/k8s-bootstrap/boot/steps/join_cluster.py", line 119, in join_cluster
    result = run_cmd(
  File "/data/k8s-bootstrap/boot/steps/common.py", line 107, in run_cmd
    result = subprocess.run(
  File "/usr/lib64/python3.9/subprocess.py", line 507, in run
    stdout, stderr = process.communicate(input, timeout=timeout)
  File "/usr/lib64/python3.9/subprocess.py", line 1134, in communicate
    stdout, stderr = self._communicate(input, endtime, timeout)
  File "/usr/lib64/python3.9/subprocess.py", line 2021, in _communicate
    self.wait(timeout=self._remaining_time(endtime))
  File "/usr/lib64/python3.9/subprocess.py", line 1189, in wait
    return self._wait(timeout=timeout)
  File "/usr/lib64/python3.9/subprocess.py", line 1925, in _wait
    raise TimeoutExpired(self.args, timeout)
subprocess.TimeoutExpired: Command '['kubeadm', 'join', '10.0.0.99:6443', '--token', 'lhbr9y.de13lq1mzpd5yq0d', '--discovery-token-ca-cert-hash', 'sha256:3d44c32c74db94366927c7b01d84292f81017e164df3dac9ba3728b044cee399']' timed out after 119.9999489889999 seconds
2026-03-02T12:26:24 failed to run commands: exit status 1
2026-03-02T12:26:27 error: resource mapping not found for name: "argocd-ingress" namespace: "argocd" from "/data/k8s-bootstrap/system/argocd/ingress.yaml": no matches for kind "IngressRoute" in version "traefik.io/v1alpha1"
ensure CRDs are installed first
  Attempt 2/10 — Traefik CRDs not ready, waiting 30s...
2026-03-02T12:26:28 {"timestamp": "2026-03-02T12:26:28.397809+00:00", "level": "ERROR", "message": "Command timed out after 120s", "command": "kubeadm join 10.0.0.99:6443 --token lhbr9y.de13lq1mzpd5yq0d --discovery-token-ca-cert-hash sha256:3d44c32c74db94366927c7b01d84292f81017e164df3dac9ba3728b044cee399"}
{"timestamp": "2026-03-02T12:26:28.398633+00:00", "level": "ERROR", "message": "Step 'join-cluster' FAILED in 124.7s", "error": "Command '['kubeadm', 'join', '10.0.0.99:6443', '--token', 'lhbr9y.de13lq1mzpd5yq0d', '--discovery-token-ca-cert-hash', 'sha256:3d44c32c74db94366927c7b01d84292f81017e164df3dac9ba3728b044cee399']' timed out after 119.99994065099986 seconds"}
Traceback (most recent call last):
  File "/data/k8s-bootstrap/boot/steps/join_cluster.py", line 183, in <module>
    main()
  File "/data/k8s-bootstrap/boot/steps/join_cluster.py", line 169, in main
    join_cluster(endpoint)
  File "/data/k8s-bootstrap/boot/steps/join_cluster.py", line 119, in join_cluster
    result = run_cmd(
  File "/data/k8s-bootstrap/boot/steps/common.py", line 107, in run_cmd
    result = subprocess.run(
  File "/usr/lib64/python3.9/subprocess.py", line 507, in run
    stdout, stderr = process.communicate(input, timeout=timeout)
  File "/usr/lib64/python3.9/subprocess.py", line 1134, in communicate
    stdout, stderr = self._communicate(input, endtime, timeout)
  File "/usr/lib64/python3.9/subprocess.py", line 2021, in _communicate
    self.wait(timeout=self._remaining_time(endtime))
  File "/usr/lib64/python3.9/subprocess.py", line 1189, in wait
    return self._wait(timeout=timeout)
  File "/usr/lib64/python3.9/subprocess.py", line 1925, in _wait
    raise TimeoutExpired(self.args, timeout)
subprocess.TimeoutExpired: Command '['kubeadm', 'join', '10.0.0.99:6443', '--token', 'lhbr9y.de13lq1mzpd5yq0d', '--discovery-token-ca-cert-hash', 'sha256:3d44c32c74db94366927c7b01d84292f81017e164df3dac9ba3728b044cee399']' timed out after 119.99994065099986 seconds
2026-03-02T12:26:30 failed to run commands: exit status 1
2026-03-02T12:26:57 error: resource mapping not found for name: "argocd-ingress" namespace: "argocd" from "/data/k8s-bootstrap/system/argocd/ingress.yaml": no matches for kind "IngressRoute" in version "traefik.io/v1alpha1"
ensure CRDs are installed first
  Attempt 3/10 — Traefik CRDs not ready, waiting 30s...
2026-03-02T12:27:28 error: resource mapping not found for name: "argocd-ingress" namespace: "argocd" from "/data/k8s-bootstrap/system/argocd/ingress.yaml": no matches for kind "IngressRoute" in version "traefik.io/v1alpha1"
ensure CRDs are installed first
  Attempt 4/10 — Traefik CRDs not ready, waiting 30s...
2026-03-02T12:27:58 error: resource mapping not found for name: "argocd-ingress" namespace: "argocd" from "/data/k8s-bootstrap/system/argocd/ingress.yaml": no matches for kind "IngressRoute" in version "traefik.io/v1alpha1"
ensure CRDs are installed first
  Attempt 5/10 — Traefik CRDs not ready, waiting 30s...
2026-03-02T12:28:28 error: resource mapping not found for name: "argocd-ingress" namespace: "argocd" from "/data/k8s-bootstrap/system/argocd/ingress.yaml": no matches for kind "IngressRoute" in version "traefik.io/v1alpha1"
ensure CRDs are installed first
  Attempt 6/10 — Traefik CRDs not ready, waiting 30s...
2026-03-02T12:28:59 error: resource mapping not found for name: "argocd-ingress" namespace: "argocd" from "/data/k8s-bootstrap/system/argocd/ingress.yaml": no matches for kind "IngressRoute" in version "traefik.io/v1alpha1"
ensure CRDs are installed first
  Attempt 7/10 — Traefik CRDs not ready, waiting 30s...
2026-03-02T12:29:29 error: resource mapping not found for name: "argocd-ingress" namespace: "argocd" from "/data/k8s-bootstrap/system/argocd/ingress.yaml": no matches for kind "IngressRoute" in version "traefik.io/v1alpha1"
ensure CRDs are installed first
  Attempt 8/10 — Traefik CRDs not ready, waiting 30s...
2026-03-02T12:30:00 error: resource mapping not found for name: "argocd-ingress" namespace: "argocd" from "/data/k8s-bootstrap/system/argocd/ingress.yaml": no matches for kind "IngressRoute" in version "traefik.io/v1alpha1"
ensure CRDs are installed first
  Attempt 9/10 — Traefik CRDs not ready, waiting 30s...
2026-03-02T12:30:30 error: resource mapping not found for name: "argocd-ingress" namespace: "argocd" from "/data/k8s-bootstrap/system/argocd/ingress.yaml": no matches for kind "IngressRoute" in version "traefik.io/v1alpha1"
ensure CRDs are installed first
  ⚠ Ingress not applied — Traefik CRDs not available after 5 min.
    ArgoCD will install Traefik shortly. Apply manually:
    kubectl apply -f /data/k8s-bootstrap/system/argocd/ingress.yaml

=== Step 8: Installing ArgoCD CLI ===
  → Downloading ArgoCD CLI v2.14.11 (amd64)...
2026-03-02T12:30:33   ✓ ArgoCD CLI installed: v2.14.11

=== Step 9: Creating CI bot account ===
configmap/argocd-cm patched
  ✓ ci-bot account registered in argocd-cm
configmap/argocd-rbac-cm patched
  ✓ ci-bot RBAC policy applied (read-only)
2026-03-02T12:30:38 
=== Step 10: Generating CI bot token ===
  → Generating API token for ci-bot...
Context "kubernetes-admin@kubernetes" modified.
  ⚠ Token generation failed — CI pipeline will skip ArgoCD verification

=== ArgoCD Bootstrap Summary ===

NAME                                                READY   STATUS    RESTARTS   AGE     IP       NODE     NOMINATED NODE   READINESS GATES
argocd-application-controller-0                     0/1     Pending   0          4m46s   <none>   <none>   <none>           <none>
argocd-applicationset-controller-6799596c7c-sgcv7   0/1     Pending   0          4m47s   <none>   <none>   <none>           <none>
argocd-dex-server-5cb8756cf7-5qzvh                  0/1     Pending   0          4m47s   <none>   <none>   <none>           <none>
argocd-notifications-controller-5cd8948d4b-v8qr6    0/1     Pending   0          4m47s   <none>   <none>   <none>           <none>
argocd-redis-59784bcdb7-rsdbd                       0/1     Pending   0          4m46s   <none>   <none>   <none>           <none>
argocd-repo-server-6868bb7494-rwzd8                 0/1     Pending   0          4m46s   <none>   <none>   <none>           <none>
argocd-server-7488fb8dbf-k2mlj                      0/1     Pending   0          4m46s   <none>   <none>   <none>           <none>
2026-03-02T12:30:39 NAME   SYNC STATUS   HEALTH STATUS
root                 


✓ ArgoCD bootstrap complete (2026-03-02T12:30:38Z)
{"timestamp": "2026-03-02T12:30:38.609519+00:00", "level": "INFO", "message": "Command succeeded", "command": "/data/k8s-bootstrap/system/argocd/bootstrap-argocd.sh", "duration": 295.23}
{"timestamp": "2026-03-02T12:30:38.609646+00:00", "level": "INFO", "message": "ArgoCD bootstrap complete. ArgoCD now manages: traefik, metrics-server, local-path-provisioner, monitoring, nextjs"}
{"timestamp": "2026-03-02T12:30:38.609857+00:00", "level": "INFO", "message": "Step 'bootstrap-argocd' completed in 295.2s"}
=== Completed: bootstrapArgoCD ===
2026-03-02T12:30:44 === Executing: verifyCluster ===
{"timestamp": "2026-03-02T12:30:43.843793+00:00", "level": "INFO", "message": "=== Starting step: verify-cluster ==="}
{"timestamp": "2026-03-02T12:30:43.843875+00:00", "level": "INFO", "message": "Checking node readiness..."}
{"timestamp": "2026-03-02T12:30:43.843899+00:00", "level": "INFO", "message": "Running: kubectl get nodes --no-headers"}
{"timestamp": "2026-03-02T12:30:43.924432+00:00", "level": "INFO", "message": "Command succeeded", "command": "kubectl get nodes --no-headers", "duration": 0.08}
{"timestamp": "2026-03-02T12:30:43.924560+00:00", "level": "INFO", "message": "  \u2713 Node ready: ip-10-0-0-169.eu-west-1.compute.internal"}
{"timestamp": "2026-03-02T12:30:43.924604+00:00", "level": "INFO", "message": "Checking namespace pods..."}
{"timestamp": "2026-03-02T12:30:43.924631+00:00", "level": "INFO", "message": "Running: kubectl get pods -n kube-system --no-headers"}
{"timestamp": "2026-03-02T12:30:44.005473+00:00", "level": "INFO", "message": "Command succeeded", "command": "kubectl get pods -n kube-system --no-headers", "duration": 0.08}
{"timestamp": "2026-03-02T12:30:44.005620+00:00", "level": "INFO", "message": "  \u2713 kube-system: 7/7 pods healthy"}
{"timestamp": "2026-03-02T12:30:44.005655+00:00", "level": "INFO", "message": "Running: kubectl get pods -n calico-system --no-headers"}
{"timestamp": "2026-03-02T12:30:44.081727+00:00", "level": "INFO", "message": "Command succeeded", "command": "kubectl get pods -n calico-system --no-headers", "duration": 0.08}
{"timestamp": "2026-03-02T12:30:44.081872+00:00", "level": "INFO", "message": "  \u2713 calico-system: 4/4 pods healthy"}
{"timestamp": "2026-03-02T12:30:44.081901+00:00", "level": "INFO", "message": "Running: kubectl get pods -n tigera-operator --no-headers"}
{"timestamp": "2026-03-02T12:30:44.161267+00:00", "level": "INFO", "message": "Command succeeded", "command": "kubectl get pods -n tigera-operator --no-headers", "duration": 0.08}
{"timestamp": "2026-03-02T12:30:44.161435+00:00", "level": "INFO", "message": "  \u2713 tigera-operator: 1/1 pods healthy"}
{"timestamp": "2026-03-02T12:30:44.161470+00:00", "level": "INFO", "message": "Checking ArgoCD..."}
{"timestamp": "2026-03-02T12:30:44.161505+00:00", "level": "INFO", "message": "Running: kubectl get pods -n argocd --no-headers"}
{"timestamp": "2026-03-02T12:30:44.238204+00:00", "level": "INFO", "message": "Command succeeded", "command": "kubectl get pods -n argocd --no-headers", "duration": 0.08}
{"timestamp": "2026-03-02T12:30:44.238361+00:00", "level": "INFO", "message": "  \u2713 argocd: 0/7 pods running"}
{"timestamp": "2026-03-02T12:30:44.238405+00:00", "level": "WARN", "message": "Verification completed with warnings: ['argocd']"}
{"timestamp": "2026-03-02T12:30:44.238434+00:00", "level": "INFO", "message": "Step 'verify-cluster' completed in 0.4s"}
=== Completed: verifyCluster ===


(base) nelsonlamounier@Nelsons-MacBook-Pro cdk-monitoring % aws ssm get-command-invocation \
  --command-id "f07f907d-bbd4-43ea-8003-cbc4ff0bc4d8" \
  --instance-id "<WORKER_INSTANCE_ID>" \
  --query "{Status:Status,StandardOutputContent:StandardOutputContent,StandardErrorContent:StandardErrorContent}" \
  --output json --region eu-west-1 --profile dev-account

An error occurred (ValidationException) when calling the GetCommandInvocation operation: 1 validation error detected: Value '<WORKER_INSTANCE_ID>' at 'instanceId' failed to satisfy constraint: Member must satisfy regular expression pattern: (^i-(\w{8}|\w{17})$)|(^mi-\w{17}$)
(base) nelsonlamounier@Nelsons-MacBook-Pro cdk-monitoring % aws ssm get-command-invocation \
  --command-id "f07f907d-bbd4-43ea-8003-cbc4ff0bc4d8" \
  --instance-id "i-0f1491fd3dc63fd66" \ 
  --query "{Status:Status,StandardOutputContent:StandardOutputContent,StandardErrorContent:StandardErrorContent}" \
  --output json --region eu-west-1 --profile dev-account
(base) nelsonlamounier@Nelsons-MacBook-Pro cdk-monitoring % aws ssm get-command-invocation \
  --command-id "f07f907d-bbd4-43ea-8003-cbc4ff0bc4d8" \
  --instance-id "i-071c910118e0c0beb" \ 
  --query "{Status:Status,StandardOutputContent:StandardOutputContent,StandardErrorContent:StandardErrorContent}" \
  --output json --region eu-west-1 --profile dev-account
{
    "Status": "Failed",
    "StandardOutputContent": "=== Executing: joinCluster ===\n{\"timestamp\": \"2026-03-02T12:24:17.976730+00:00\", \"level\": \"INFO\", \"message\": \"=== Starting step: join-cluster ===\"}\n{\"timestamp\": \"2026-03-02T12:24:17.976806+00:00\", \"level\": \"INFO\", \"message\": \"Resolving control plane endpoint from SSM...\"}\n{\"timestamp\": \"2026-03-02T12:24:17.976829+00:00\", \"level\": \"INFO\", \"message\": \"Running: aws ssm get-parameter --name /k8s/development/control-plane-endpoint --query Parameter.Value --output text --region eu-west-1\"}\n{\"timestamp\": \"2026-03-02T12:24:18.968851+00:00\", \"level\": \"INFO\", \"message\": \"Command succeeded\", \"command\": \"aws ssm get-parameter --name /k8s/development/control-plane-endpoint --query Parameter.Value --output text --region eu-west-1\", \"duration\": 0.99}\n{\"timestamp\": \"2026-03-02T12:24:18.969037+00:00\", \"level\": \"INFO\", \"message\": \"Control plane endpoint: 10.0.0.99:6443\"}\n{\"timestamp\": \"2026-03-02T12:24:18.969075+00:00\", \"level\": \"INFO\", \"message\": \"Joining kubeadm cluster as worker node (label=role=worker)\"}\n{\"timestamp\": \"2026-03-02T12:24:18.969092+00:00\", \"level\": \"INFO\", \"message\": \"Join config: max_retries=10, retry_interval=30s\"}\n{\"timestamp\": \"2026-03-02T12:24:18.969112+00:00\", \"level\": \"INFO\", \"message\": \"Running: systemctl start containerd\"}\n{\"timestamp\": \"2026-03-02T12:24:18.979341+00:00\", \"level\": \"INFO\", \"message\": \"Command succeeded\", \"command\": \"systemctl start containerd\", \"duration\": 0.01}\n{\"timestamp\": \"2026-03-02T12:24:18.979456+00:00\", \"level\": \"INFO\", \"message\": \"containerd started\"}\n{\"timestamp\": \"2026-03-02T12:24:18.979641+00:00\", \"level\": \"INFO\", \"message\": \"Installing ECR credential provider v1.31.0...\"}\n{\"timestamp\": \"2026-03-02T12:24:18.979674+00:00\", \"level\": \"INFO\", \"message\": \"Running: uname -m\"}\n{\"timestamp\": \"2026-03-02T12:24:18.982730+00:00\", \"level\": \"INFO\", \"message\": \"Command succeeded\", \"command\": \"uname -m\", \"duration\": 0.0}\n{\"timestamp\": \"2026-03-02T12:24:18.982840+00:00\", \"level\": \"INFO\", \"message\": \"Downloading ecr-credential-provider v1.31.0 (amd64)...\"}\n{\"timestamp\": \"2026-03-02T12:24:18.982865+00:00\", \"level\": \"INFO\", \"message\": \"  URL: https://storage.googleapis.com/k8s-artifacts-prod/binaries/cloud-provider-aws/v1.31.0/linux/amd64/ecr-credential-provider-linux-amd64\"}\n{\"timestamp\": \"2026-03-02T12:24:18.982896+00:00\", \"level\": \"INFO\", \"message\": \"Running: curl -fsSL -o /usr/local/bin/ecr-credential-provider https://storage.googleapis.com/k8s-artifacts-prod/binaries/cloud-provider-aws/v1.31.0/linux/amd64/ecr-credential-provider-linux-amd64\"}\n{\"timestamp\": \"2026-03-02T12:24:20.355563+00:00\", \"level\": \"INFO\", \"message\": \"Command succeeded\", \"command\": \"curl -fsSL -o /usr/local/bin/ecr-credential-provider https://storage.googleapis.com/k8s-artifacts-prod/binaries/cloud-provider-aws/v1.31.0/linux/amd64/ecr-credential-provider-linux-amd64\", \"duration\": 1.37}\n{\"timestamp\": \"2026-03-02T12:24:20.355821+00:00\", \"level\": \"INFO\", \"message\": \"Running: chmod +x /usr/local/bin/ecr-credential-provider\"}\n{\"timestamp\": \"2026-03-02T12:24:20.360155+00:00\", \"level\": \"INFO\", \"message\": \"Command succeeded\", \"command\": \"chmod +x /usr/local/bin/ecr-credential-provider\", \"duration\": 0.0}\n{\"timestamp\": \"2026-03-02T12:24:20.360256+00:00\", \"level\": \"INFO\", \"message\": \"ECR credential provider installed: /usr/local/bin/ecr-credential-provider\"}\n{\"timestamp\": \"2026-03-02T12:24:20.360288+00:00\", \"level\": \"INFO\", \"message\": \"ECR credential provider v1.31.0 installed successfully\"}\n{\"timestamp\": \"2026-03-02T12:24:20.361349+00:00\", \"level\": \"INFO\", \"message\": \"ECR credential provider config already exists at /etc/kubernetes/image-credential-provider-config.yaml\"}\n{\"timestamp\": \"2026-03-02T12:24:20.361418+00:00\", \"level\": \"INFO\", \"message\": \"Configuring kubelet with node label: role=worker\"}\n{\"timestamp\": \"2026-03-02T12:24:20.361696+00:00\", \"level\": \"INFO\", \"message\": \"=== kubeadm join attempt 1/10 ===\"}\n{\"timestamp\": \"2026-03-02T12:24:20.361723+00:00\", \"level\": \"INFO\", \"message\": \"Running: aws ssm get-parameter --name /k8s/development/join-token --query Parameter.Value --output text --region eu-west-1 --with-decryption\"}\n{\"timestamp\": \"2026-03-02T12:24:21.392007+00:00\", \"level\": \"INFO\", \"message\": \"Command succeeded\", \"command\": \"aws ssm get-parameter --name /k8s/development/join-token --query Parameter.Value --output text --region eu-west-1 --with-decryption\", \"duration\": 1.03}\n{\"timestamp\": \"2026-03-02T12:24:21.392133+00:00\", \"level\": \"INFO\", \"message\": \"Running: aws ssm get-parameter --name /k8s/development/ca-hash --query Parameter.Value --output text --region eu-west-1\"}\n{\"timestamp\": \"2026-03-02T12:24:22.392128+00:00\", \"level\": \"INFO\", \"message\": \"Command succeeded\", \"command\": \"aws ssm get-parameter --name /k8s/development/ca-hash --query Parameter.Value --output text --region eu-west-1\", \"duration\": 1.0}\n{\"timestamp\": \"2026-03-02T12:24:22.392255+00:00\", \"level\": \"INFO\", \"message\": \"Running kubeadm join...\"}\n{\"timestamp\": \"2026-03-02T12:24:22.392292+00:00\", \"level\": \"INFO\", \"message\": \"Running: kubeadm join 10.0.0.99:6443 --token lhbr9y.de13lq1mzpd5yq0d --discovery-token-ca-cert-hash sha256:3d44c32c74db94366927c7b01d84292f81017e164df3dac9ba3728b044cee399\"}\n[preflight] Running pre-flight checks\n\t[WARNING ContainerRuntimeVersion]: You must update your container runtime to a version that supports the CRI method RuntimeConfig. Falling back to using cgroupDriver from kubelet config will be removed in 1.36. For more information, see https://git.k8s.io/enhancements/keps/sig-node/4033-group-driver-detection-over-cri\n{\"timestamp\": \"2026-03-02T12:26:22.397658+00:00\", \"level\": \"ERROR\", \"message\": \"Command timed out after 120s\", \"command\": \"kubeadm join 10.0.0.99:6443 --token lhbr9y.de13lq1mzpd5yq0d --discovery-token-ca-cert-hash sha256:3d44c32c74db94366927c7b01d84292f81017e164df3dac9ba3728b044cee399\"}\n{\"timestamp\": \"2026-03-02T12:26:22.397849+00:00\", \"level\": \"ERROR\", \"message\": \"Step 'join-cluster' FAILED in 124.4s\", \"error\": \"Command '['kubeadm', 'join', '10.0.0.99:6443', '--token', 'lhbr9y.de13lq1mzpd5yq0d', '--discovery-token-ca-cert-hash', 'sha256:3d44c32c74db94366927c7b01d84292f81017e164df3dac9ba3728b044cee399']' timed out after 119.9999489889999 seconds\"}\nTraceback (most recent call last):\n  File \"/data/k8s-bootstrap/boot/steps/join_cluster.py\", line 183, in <module>\n    main()\n  File \"/data/k8s-bootstrap/boot/steps/join_cluster.py\", line 169, in main\n    join_cluster(endpoint)\n  File \"/data/k8s-bootstrap/boot/steps/join_cluster.py\", line 119, in join_cluster\n    result = run_cmd(\n  File \"/data/k8s-bootstrap/boot/steps/common.py\", line 107, in run_cmd\n    result = subprocess.run(\n  File \"/usr/lib64/python3.9/subprocess.py\", line 507, in run\n    stdout, stderr = process.communicate(input, timeout=timeout)\n  File \"/usr/lib64/python3.9/subprocess.py\", line 1134, in communicate\n    stdout, stderr = self._communicate(input, endtime, timeout)\n  File \"/usr/lib64/python3.9/subprocess.py\", line 2021, in _communicate\n    self.wait(timeout=self._remaining_time(endtime))\n  File \"/usr/lib64/python3.9/subprocess.py\", line 1189, in wait\n    return self._wait(timeout=timeout)\n  File \"/usr/lib64/python3.9/subprocess.py\", line 1925, in _wait\n    raise TimeoutExpired(self.args, timeout)\nsubprocess.TimeoutExpired: Command '['kubeadm', 'join', '10.0.0.99:6443', '--token', 'lhbr9y.de13lq1mzpd5yq0d', '--discovery-token-ca-cert-hash', 'sha256:3d44c32c74db94366927c7b01d84292f81017e164df3dac9ba3728b044cee399']' timed out after 119.9999489889999 seconds\n",
    "StandardErrorContent": "failed to run commands: exit status 1"
}
(END)
